<?xml version="1.0" encoding="UTF-8"?>
<testsuite xmlns:xsi="http://www.w3.org/2001/XMLSchema-instance" xsi:noNamespaceSchemaLocation="https://maven.apache.org/surefire/maven-surefire-plugin/xsd/surefire-test-report.xsd" version="3.0.2" name="com.part1.part1.LoginTest" time="0.172" tests="5" errors="0" skipped="0" failures="0" flakes="0">
  <properties>
[...]
</properties>
  <testcase name="testPasswordComplexityFailure" classname="com.part1.part1.LoginTest" time="0.051"/>
  <testcase name="testUsernameIncorrect" classname="com.part1.part1.LoginTest" time="0.045"/>
  <testcase name="testUsernameCorrect" classname="com.part1.part1.LoginTest" time="0.004"/>
  <testcase name="testRegistrationMessaging" classname="com.part1.part1.LoginTest" time="0.006"/>
  <testcase name="testPasswordComplexitySuccess" classname="com.part1.part1.LoginTest" time="0.003"/>
</testsuite>